<?xml version="1.0" encoding="UTF-8"?>
<testng-results ignored="0" total="1" passed="1" failed="0" skipped="0">
  <reporter-output>
  </reporter-output>
  <suite started-at="2022-11-19T20:49:50 IST" name="Default suite" finished-at="2022-11-19T20:49:50 IST" duration-ms="157">
    <groups>
    </groups>
    <test started-at="2022-11-19T20:49:50 IST" name="Default test" finished-at="2022-11-19T20:49:50 IST" duration-ms="157">
      <class name="demo.DemoClass">
        <test-method signature="demo()[pri:0, instance:demo.DemoClass@e1de817]" started-at="2022-11-19T20:49:50 IST" name="demo" finished-at="2022-11-19T20:49:50 IST" duration-ms="20" status="PASS">
          <reporter-output>
          </reporter-output>
        </test-method> <!-- demo -->
      </class> <!-- demo.DemoClass -->
    </test> <!-- Default test -->
  </suite> <!-- Default suite -->
</testng-results>
